d:\escritorio\bloodmask reps\bloodmask_asset_manager\binaries\x64\debug\vc143.pdb
d:\escritorio\bloodmask reps\bloodmask_asset_manager\binaries\x64\debug\vc143.idb
d:\escritorio\bloodmask reps\bloodmask_asset_manager\binaries\x64\debug\gameasset.obj
d:\escritorio\bloodmask reps\bloodmask_asset_manager\binaries\x64\debug\folder.obj
d:\escritorio\bloodmask reps\bloodmask_asset_manager\binaries\x64\debug\filesystem.obj
d:\escritorio\bloodmask reps\bloodmask_asset_manager\binaries\x64\debug\fileexportedfunctions.obj
d:\escritorio\bloodmask reps\bloodmask_asset_manager\binaries\x64\debug\file.obj
d:\escritorio\bloodmask reps\bloodmask_asset_manager\binaries\x64\debug\assetserializer.obj
d:\escritorio\bloodmask reps\bloodmask_asset_manager\binaries\x64\debug\assetmanager.obj
d:\escritorio\bloodmask reps\bloodmask_asset_manager\binaries\x64\debug\bloodmask_asset_manager_dll.ilk
d:\escritorio\bloodmask reps\bloodmask_asset_manager\binaries\x64\debug\bloodmask_asset_manager_dll.dll
d:\escritorio\bloodmask reps\bloodmask_asset_manager\binaries\x64\debug\bloodmask_asset_manager_dll.pdb
d:\escritorio\bloodmask reps\bloodmask_asset_manager\binaries\x64\debug\bloodmask_asset_manager_dll.lib
d:\escritorio\bloodmask reps\bloodmask_asset_manager\binaries\x64\debug\bloodmask_asset_manager_dll.exp
d:\escritorio\bloodmask reps\bloodmask_asset_manager\projects\bloodmask_asset_manager\..\..\binaries\x64\debug\bloodmask_asset_manager_dll.pdb
d:\escritorio\bloodmask reps\bloodmask_asset_manager\projects\bloodmask_asset_manager\..\..\binaries\x64\debug\bloodmask_asset_manager_dll.ilk
d:\escritorio\bloodmask reps\bloodmask_asset_manager\binaries\x64\debug\bloodmas.604f8c8f.tlog\cl.command.1.tlog
d:\escritorio\bloodmask reps\bloodmask_asset_manager\binaries\x64\debug\bloodmas.604f8c8f.tlog\cl.items.tlog
d:\escritorio\bloodmask reps\bloodmask_asset_manager\binaries\x64\debug\bloodmas.604f8c8f.tlog\cl.read.1.tlog
d:\escritorio\bloodmask reps\bloodmask_asset_manager\binaries\x64\debug\bloodmas.604f8c8f.tlog\cl.write.1.tlog
d:\escritorio\bloodmask reps\bloodmask_asset_manager\binaries\x64\debug\bloodmas.604f8c8f.tlog\link.command.1.tlog
d:\escritorio\bloodmask reps\bloodmask_asset_manager\binaries\x64\debug\bloodmas.604f8c8f.tlog\link.read.1.tlog
d:\escritorio\bloodmask reps\bloodmask_asset_manager\binaries\x64\debug\bloodmas.604f8c8f.tlog\link.write.1.tlog
d:\escritorio\bloodmask reps\bloodmask_asset_manager\binaries\x64\debug\bloodmas.604f8c8f.tlog\link.write.2u.tlog
